Copyright 1986-2019 Xilinx, Inc. All Rights Reserved.
--------------------------------------------------------------------------------------
| Tool Version : Vivado v.2019.1.3 (win64) Build 2644227 Wed Sep  4 09:45:24 MDT 2019
| Date         : Fri Dec 11 00:33:01 2020
| Host         : LAPTOP-QJB5DEH5 running 64-bit major release  (build 9200)
| Command      : report_control_sets -verbose -file MainSPI_control_sets_placed.rpt
| Design       : MainSPI
| Device       : xc7a35t
--------------------------------------------------------------------------------------

Control Set Information

Table of Contents
-----------------
1. Summary
2. Histogram
3. Flip-Flop Distribution
4. Detailed Control Set Information

1. Summary
----------

+----------------------------------------------------------+-------+
|                          Status                          | Count |
+----------------------------------------------------------+-------+
| Total control sets                                       |    14 |
|    Minimum number of control sets                        |    14 |
|    Addition due to synthesis replication                 |     0 |
|    Addition due to physical synthesis replication        |     0 |
| Unused register locations in slices containing registers |    33 |
+----------------------------------------------------------+-------+
* Control sets can be merged at opt_design using control_set_merge or merge_equivalent_drivers
** Run report_qor_suggestions for automated merging and remapping suggestions


2. Histogram
------------

+--------------------+-------+
|       Fanout       | Count |
+--------------------+-------+
| Total control sets |    14 |
| >= 0 to < 4        |     3 |
| >= 4 to < 6        |     2 |
| >= 6 to < 8        |     1 |
| >= 8 to < 10       |     0 |
| >= 10 to < 12      |     0 |
| >= 12 to < 14      |     1 |
| >= 14 to < 16      |     0 |
| >= 16              |     7 |
+--------------------+-------+
* Control sets can be remapped at either synth_design or opt_design


3. Flip-Flop Distribution
-------------------------

+--------------+-----------------------+------------------------+-----------------+--------------+
| Clock Enable | Synchronous Set/Reset | Asynchronous Set/Reset | Total Registers | Total Slices |
+--------------+-----------------------+------------------------+-----------------+--------------+
| No           | No                    | No                     |              24 |           12 |
| No           | No                    | Yes                    |               0 |            0 |
| No           | Yes                   | No                     |             128 |           40 |
| Yes          | No                    | No                     |               5 |            2 |
| Yes          | No                    | Yes                    |               0 |            0 |
| Yes          | Yes                   | No                     |              82 |           26 |
+--------------+-----------------------+------------------------+-----------------+--------------+


4. Detailed Control Set Information
-----------------------------------

+-------------------+--------------------------------------+-------------------------------+------------------+----------------+
|    Clock Signal   |             Enable Signal            |        Set/Reset Signal       | Slice Load Count | Bel Load Count |
+-------------------+--------------------------------------+-------------------------------+------------------+----------------+
| ~spi_clock_BUFG   | spi_bit_i_1_n_0                      |                               |                1 |              1 |
|  clk_IBUF_BUFG    | LED_DISPLAY/anodes[1]_i_2_n_0        | LED_DISPLAY/eqOp              |                1 |              2 |
| ~spi_clock_BUFG   |                                      |                               |                2 |              2 |
|  JAA_IBUF_BUFG[0] | RX_Dataa[3]_i_2_n_0                  | RX_Dataa[3]_i_1_n_0           |                1 |              4 |
|  clk_IBUF_BUFG    | LED_DISPLAY/SegmentsValue[3]_i_1_n_0 |                               |                1 |              4 |
|  clk_IBUF_BUFG    |                                      |                               |                3 |              6 |
|  JAA_IBUF_BUFG[0] | p_2_out[11]                          | led[11]_i_1_n_0               |                3 |             12 |
|  JAA_IBUF_BUFG[0] |                                      |                               |                7 |             16 |
|  JAA_IBUF_BUFG[0] |                                      | counter_RX[31]__0_i_1_n_0     |               13 |             32 |
|  clk_IBUF_BUFG    |                                      | clear                         |                8 |             32 |
|  clk_IBUF_BUFG    |                                      | counter_RX_reg0               |               11 |             32 |
|  clk_IBUF_BUFG    |                                      | LED_DISPLAY/anodes[1]_i_2_n_0 |                8 |             32 |
| ~spi_clock_BUFG   | allow1                               | check7_out                    |                8 |             32 |
| ~spi_clock_BUFG   | counter[31]_i_2_n_0                  | counter[31]_i_1_n_0           |               13 |             32 |
+-------------------+--------------------------------------+-------------------------------+------------------+----------------+


